<?xml version="1.0" encoding="UTF-8"?>
<testsuite name="problems.ConcentricMatrixPrintRowWiseTest" tests="1" skipped="0" failures="0" errors="0" timestamp="2020-04-30T23:38:24" hostname="Ankit-HP" time="0.052">
  <properties/>
  <testcase name="prettyPrint()" classname="problems.ConcentricMatrixPrintRowWiseTest" time="0.052"/>
  <system-out><![CDATA[]]></system-out>
  <system-err><![CDATA[]]></system-err>
</testsuite>
